<?xml version="1.0" encoding="UTF-8"?>
<robot generator="Robot 3.2.2 (Python 3.9.2 on win32)" generated="20210302 13:24:25.733" rpa="false">
<suite id="s1" name="RobotProject1" source="C:\Users\Timi Tiihonen\eclipse-workspace\RobotProject1">
<suite id="s1-s1" name="Test" source="C:\Users\Timi Tiihonen\eclipse-workspace\RobotProject1\test">
<suite id="s1-s1-s1" name="TestSuite1" source="C:\Users\Timi Tiihonen\eclipse-workspace\RobotProject1\test\TestSuite1.robot">
<kw name="Log" library="BuiltIn" type="setup">
<doc>Logs the given message with the given level.</doc>
<arguments>
<arg>I am inside Test Suite Setup</arg>
</arguments>
<msg timestamp="20210302 13:24:26.183" level="INFO">I am inside Test Suite Setup</msg>
<status status="PASS" starttime="20210302 13:24:26.182" endtime="20210302 13:24:26.183"></status>
</kw>
<test id="s1-s1-s1-t1" name="MyFirstTest">
<kw name="Log" library="BuiltIn" type="setup">
<doc>Logs the given message with the given level.</doc>
<arguments>
<arg>Im inside Test Setup</arg>
</arguments>
<msg timestamp="20210302 13:24:26.185" level="INFO">Im inside Test Setup</msg>
<status status="PASS" starttime="20210302 13:24:26.185" endtime="20210302 13:24:26.185"></status>
</kw>
<kw name="Log" library="BuiltIn">
<doc>Logs the given message with the given level.</doc>
<arguments>
<arg>Hello World...</arg>
</arguments>
<msg timestamp="20210302 13:24:26.186" level="INFO">Hello World...</msg>
<status status="PASS" starttime="20210302 13:24:26.186" endtime="20210302 13:24:26.186"></status>
</kw>
<kw name="Log" library="BuiltIn" type="teardown">
<doc>Logs the given message with the given level.</doc>
<arguments>
<arg>Im inside Test Teardown</arg>
</arguments>
<msg timestamp="20210302 13:24:26.187" level="INFO">Im inside Test Teardown</msg>
<status status="PASS" starttime="20210302 13:24:26.187" endtime="20210302 13:24:26.187"></status>
</kw>
<tags>
<tag>sanity</tag>
</tags>
<status status="PASS" starttime="20210302 13:24:26.183" endtime="20210302 13:24:26.187" critical="yes"></status>
</test>
<test id="s1-s1-s1-t2" name="FirstSeleniumTest">
<kw name="Log" library="BuiltIn" type="setup">
<doc>Logs the given message with the given level.</doc>
<arguments>
<arg>Im inside Test Setup</arg>
</arguments>
<msg timestamp="20210302 13:24:26.189" level="INFO">Im inside Test Setup</msg>
<status status="PASS" starttime="20210302 13:24:26.189" endtime="20210302 13:24:26.190"></status>
</kw>
<kw name="Open Browser" library="SeleniumLibrary">
<doc>Opens a new browser instance to the optional ``url``.</doc>
<arguments>
<arg>https://www.jimms.fi</arg>
<arg>chrome</arg>
</arguments>
<msg timestamp="20210302 13:24:26.190" level="INFO">Opening browser 'chrome' to base url 'https://www.jimms.fi'.</msg>
<status status="PASS" starttime="20210302 13:24:26.190" endtime="20210302 13:24:30.824"></status>
</kw>
<kw name="Set Browser Implicit Wait" library="SeleniumLibrary">
<doc>Sets the implicit wait value used by Selenium.</doc>
<arguments>
<arg>5</arg>
</arguments>
<status status="PASS" starttime="20210302 13:24:30.825" endtime="20210302 13:24:30.830"></status>
</kw>
<kw name="Input Text" library="SeleniumLibrary">
<doc>Types the given ``text`` into the text field identified by ``locator``.</doc>
<arguments>
<arg>name=q</arg>
<arg>i5-9400F</arg>
</arguments>
<msg timestamp="20210302 13:24:30.831" level="INFO">Typing text 'i5-9400F' into text field 'name=q'.</msg>
<status status="PASS" starttime="20210302 13:24:30.830" endtime="20210302 13:24:31.025"></status>
</kw>
<kw name="Press Keys" library="SeleniumLibrary">
<doc>Simulates the user pressing key(s) to an element or on the active browser.</doc>
<arguments>
<arg>name=q</arg>
<arg>ENTER</arg>
</arguments>
<msg timestamp="20210302 13:24:31.028" level="INFO">Sending key(s) ('ENTER',) to name=q element.</msg>
<msg timestamp="20210302 13:24:31.434" level="INFO">Pressing special key ENTER to element.</msg>
<msg timestamp="20210302 13:24:31.434" level="INFO">Releasing special key ENTER.</msg>
<status status="PASS" starttime="20210302 13:24:31.026" endtime="20210302 13:24:32.521"></status>
</kw>
<kw name="Sleep" library="BuiltIn">
<doc>Pauses the test executed for the given time.</doc>
<arguments>
<arg>2</arg>
</arguments>
<msg timestamp="20210302 13:24:34.524" level="INFO">Slept 2 seconds</msg>
<status status="PASS" starttime="20210302 13:24:32.522" endtime="20210302 13:24:34.524"></status>
</kw>
<kw name="Close Browser" library="SeleniumLibrary">
<doc>Closes the current browser.</doc>
<status status="PASS" starttime="20210302 13:24:34.525" endtime="20210302 13:24:36.817"></status>
</kw>
<kw name="Log" library="BuiltIn">
<doc>Logs the given message with the given level.</doc>
<arguments>
<arg>Test Completed</arg>
</arguments>
<msg timestamp="20210302 13:24:36.818" level="INFO">Test Completed</msg>
<status status="PASS" starttime="20210302 13:24:36.817" endtime="20210302 13:24:36.819"></status>
</kw>
<kw name="Log" library="BuiltIn" type="teardown">
<doc>Logs the given message with the given level.</doc>
<arguments>
<arg>Im inside Test Teardown</arg>
</arguments>
<msg timestamp="20210302 13:24:36.820" level="INFO">Im inside Test Teardown</msg>
<status status="PASS" starttime="20210302 13:24:36.820" endtime="20210302 13:24:36.821"></status>
</kw>
<tags>
<tag>sanity</tag>
</tags>
<status status="PASS" starttime="20210302 13:24:26.188" endtime="20210302 13:24:36.821" critical="yes"></status>
</test>
<test id="s1-s1-s1-t3" name="SampleLoginTest">
<kw name="Log" library="BuiltIn" type="setup">
<doc>Logs the given message with the given level.</doc>
<arguments>
<arg>Im inside Test Setup</arg>
</arguments>
<msg timestamp="20210302 13:24:36.824" level="INFO">Im inside Test Setup</msg>
<status status="PASS" starttime="20210302 13:24:36.824" endtime="20210302 13:24:36.825"></status>
</kw>
<kw name="Open Browser" library="SeleniumLibrary">
<doc>Opens a new browser instance to the optional ``url``.</doc>
<arguments>
<arg>${URL}</arg>
<arg>chrome</arg>
</arguments>
<msg timestamp="20210302 13:24:36.826" level="INFO">Opening browser 'chrome' to base url 'https://opensource-demo.orangehrmlive.com/'.</msg>
<status status="PASS" starttime="20210302 13:24:36.825" endtime="20210302 13:24:41.822"></status>
</kw>
<kw name="Set Browser Implicit Wait" library="SeleniumLibrary">
<doc>Sets the implicit wait value used by Selenium.</doc>
<arguments>
<arg>5</arg>
</arguments>
<status status="PASS" starttime="20210302 13:24:41.822" endtime="20210302 13:24:41.825"></status>
</kw>
<kw name="LoginKW">
<kw name="Input Text" library="SeleniumLibrary">
<doc>Types the given ``text`` into the text field identified by ``locator``.</doc>
<arguments>
<arg>id=txtUsername</arg>
<arg>@{CREDENTIALS}[0]</arg>
</arguments>
<msg timestamp="20210302 13:24:41.827" level="WARN">Accessing variable items using '@{CREDENTIALS}[0]' syntax is deprecated. Use '${CREDENTIALS}[0]' instead.</msg>
<msg timestamp="20210302 13:24:41.828" level="INFO">Typing text 'Admin' into text field 'id=txtUsername'.</msg>
<status status="PASS" starttime="20210302 13:24:41.826" endtime="20210302 13:24:41.950"></status>
</kw>
<kw name="Input Password" library="SeleniumLibrary">
<doc>Types the given password into the text field identified by ``locator``.</doc>
<arguments>
<arg>id=txtPassword</arg>
<arg>&amp;{LOGINDATA}[password]</arg>
</arguments>
<msg timestamp="20210302 13:24:41.951" level="WARN">Accessing variable items using '&amp;{LOGINDATA}[password]' syntax is deprecated. Use '${LOGINDATA}[password]' instead.</msg>
<msg timestamp="20210302 13:24:41.951" level="INFO">Typing password into text field 'id=txtPassword'.</msg>
<msg timestamp="20210302 13:24:42.002" level="INFO">Temporally setting log level to: NONE</msg>
<msg timestamp="20210302 13:24:42.057" level="INFO">Log level changed from NONE to INFO.</msg>
<status status="PASS" starttime="20210302 13:24:41.950" endtime="20210302 13:24:42.057"></status>
</kw>
<kw name="Click Button" library="SeleniumLibrary">
<doc>Clicks the button identified by ``locator``.</doc>
<arguments>
<arg>id=btnLogin</arg>
</arguments>
<msg timestamp="20210302 13:24:42.059" level="INFO">Clicking button 'id=btnLogin'.</msg>
<status status="PASS" starttime="20210302 13:24:42.058" endtime="20210302 13:24:48.689"></status>
</kw>
<status status="PASS" starttime="20210302 13:24:41.825" endtime="20210302 13:24:48.690"></status>
</kw>
<kw name="Click Element" library="SeleniumLibrary">
<doc>Click the element identified by ``locator``.</doc>
<arguments>
<arg>id=welcome</arg>
</arguments>
<msg timestamp="20210302 13:24:48.693" level="INFO">Clicking element 'id=welcome'.</msg>
<status status="PASS" starttime="20210302 13:24:48.691" endtime="20210302 13:24:48.784"></status>
</kw>
<kw name="Click Element" library="SeleniumLibrary">
<doc>Click the element identified by ``locator``.</doc>
<arguments>
<arg>link=Logout</arg>
</arguments>
<msg timestamp="20210302 13:24:48.785" level="INFO">Clicking element 'link=Logout'.</msg>
<status status="PASS" starttime="20210302 13:24:48.784" endtime="20210302 13:24:49.940"></status>
</kw>
<kw name="Close Browser" library="SeleniumLibrary">
<doc>Closes the current browser.</doc>
<status status="PASS" starttime="20210302 13:24:49.941" endtime="20210302 13:24:52.195"></status>
</kw>
<kw name="Log" library="BuiltIn">
<doc>Logs the given message with the given level.</doc>
<arguments>
<arg>Test Completed</arg>
</arguments>
<msg timestamp="20210302 13:24:52.197" level="INFO">Test Completed</msg>
<status status="PASS" starttime="20210302 13:24:52.195" endtime="20210302 13:24:52.197"></status>
</kw>
<kw name="Log" library="BuiltIn">
<doc>Logs the given message with the given level.</doc>
<arguments>
<arg>This test was executed by %{username} on %{os}</arg>
</arguments>
<msg timestamp="20210302 13:24:52.199" level="INFO">This test was executed by Timi Tiihonen on Windows_NT</msg>
<status status="PASS" starttime="20210302 13:24:52.198" endtime="20210302 13:24:52.199"></status>
</kw>
<kw name="Log" library="BuiltIn" type="teardown">
<doc>Logs the given message with the given level.</doc>
<arguments>
<arg>Im inside Test Teardown</arg>
</arguments>
<msg timestamp="20210302 13:24:52.201" level="INFO">Im inside Test Teardown</msg>
<status status="PASS" starttime="20210302 13:24:52.200" endtime="20210302 13:24:52.201"></status>
</kw>
<doc>This is a sample login test</doc>
<tags>
<tag>sanity</tag>
</tags>
<status status="PASS" starttime="20210302 13:24:36.822" endtime="20210302 13:24:52.201" critical="yes"></status>
</test>
<kw name="Log" library="BuiltIn" type="teardown">
<doc>Logs the given message with the given level.</doc>
<arguments>
<arg>I am inside Test Suite Teardown</arg>
</arguments>
<msg timestamp="20210302 13:24:52.204" level="INFO">I am inside Test Suite Teardown</msg>
<status status="PASS" starttime="20210302 13:24:52.203" endtime="20210302 13:24:52.205"></status>
</kw>
<status status="PASS" starttime="20210302 13:24:25.840" endtime="20210302 13:24:52.205"></status>
</suite>
<status status="PASS" starttime="20210302 13:24:25.834" endtime="20210302 13:24:52.212"></status>
</suite>
<status status="PASS" starttime="20210302 13:24:25.792" endtime="20210302 13:24:52.219"></status>
</suite>
<statistics>
<total>
<stat pass="3" fail="0">Critical Tests</stat>
<stat pass="3" fail="0">All Tests</stat>
</total>
<tag>
<stat pass="3" fail="0">sanity</stat>
</tag>
<suite>
<stat pass="3" fail="0" id="s1" name="RobotProject1">RobotProject1</stat>
<stat pass="3" fail="0" id="s1-s1" name="Test">RobotProject1.Test</stat>
<stat pass="3" fail="0" id="s1-s1-s1" name="TestSuite1">RobotProject1.Test.TestSuite1</stat>
</suite>
</statistics>
<errors>
<msg timestamp="20210302 13:24:41.827" level="WARN">Accessing variable items using '@{CREDENTIALS}[0]' syntax is deprecated. Use '${CREDENTIALS}[0]' instead.</msg>
<msg timestamp="20210302 13:24:41.951" level="WARN">Accessing variable items using '&amp;{LOGINDATA}[password]' syntax is deprecated. Use '${LOGINDATA}[password]' instead.</msg>
</errors>
</robot>
